<?xml version="1.0" encoding="UTF-8"?>
<!-- Generated by org.testng.reporters.JUnitReportReporter -->
<testsuite hostname="puppet.kasun.org" name="org.wso2.carbon.appmanager.integration.ui.TestCases.SAMLtoBackendTestCase" tests="1" failures="0" timestamp="30 Sep 2014 13:57:10 GMT" time="62.688" errors="0">
  <testcase name="testSAMLToBackend" time="62.688" classname="org.wso2.carbon.appmanager.integration.ui.TestCases.SAMLtoBackendTestCase"/>
</testsuite> <!-- org.wso2.carbon.appmanager.integration.ui.TestCases.SAMLtoBackendTestCase -->
