<?xml version="1.0" encoding="UTF-8"?>
<!-- Generated by org.testng.reporters.JUnitReportReporter -->
<testsuite hostname="puppet.kasun.org" name="org.wso2.carbon.appmanager.integration.ui.TestCases.SelfSignUpTestCase" tests="1" failures="0" timestamp="30 Sep 2014 13:57:10 GMT" time="3.515" errors="0">
  <testcase name="testSelfSignUp" time="3.515" classname="org.wso2.carbon.appmanager.integration.ui.TestCases.SelfSignUpTestCase"/>
</testsuite> <!-- org.wso2.carbon.appmanager.integration.ui.TestCases.SelfSignUpTestCase -->
