<?xml version="1.0" encoding="UTF-8"?>
<!-- Generated by org.testng.reporters.JUnitReportReporter -->
<testsuite hostname="puppet.kasun.org" name="org.wso2.carbon.appmanager.integration.ui.TestCases.LifeCycleTestCase" tests="1" failures="0" timestamp="30 Sep 2014 13:57:10 GMT" time="1.281" errors="0">
  <testcase name="testApplicationSubscribe" time="1.281" classname="org.wso2.carbon.appmanager.integration.ui.TestCases.LifeCycleTestCase"/>
</testsuite> <!-- org.wso2.carbon.appmanager.integration.ui.TestCases.LifeCycleTestCase -->
