<?xml version="1.0" encoding="UTF-8"?>
<!-- Generated by org.testng.reporters.JUnitReportReporter -->
<testsuite hostname="puppet.kasun.org" name="org.wso2.carbon.appmanager.integration.ui.TestCases.ThrottlingTestCase" tests="1" failures="0" timestamp="30 Sep 2014 13:57:10 GMT" time="16.398" errors="0">
  <testcase name="testThrottlingTier" time="16.398" classname="org.wso2.carbon.appmanager.integration.ui.TestCases.ThrottlingTestCase"/>
</testsuite> <!-- org.wso2.carbon.appmanager.integration.ui.TestCases.ThrottlingTestCase -->
