<?xml version="1.0" encoding="UTF-8"?>
<!-- Generated by org.testng.reporters.JUnitReportReporter -->
<testsuite hostname="puppet.kasun.org" name="org.wso2.carbon.appmanager.integration.ui.TestCases.JWTGenerationTestCase" tests="1" failures="0" timestamp="30 Sep 2014 13:57:10 GMT" time="63.666" errors="0">
  <testcase name="testJWTGeneration" time="63.666" classname="org.wso2.carbon.appmanager.integration.ui.TestCases.JWTGenerationTestCase"/>
</testsuite> <!-- org.wso2.carbon.appmanager.integration.ui.TestCases.JWTGenerationTestCase -->
