<?xml version="1.0" encoding="UTF-8"?>
<!-- Generated by org.testng.reporters.JUnitReportReporter -->
<testsuite hostname="puppet.kasun.org" name="org.wso2.carbon.appmanager.integration.ui.TestCases.AppDeleteTestCase" tests="1" failures="0" timestamp="30 Sep 2014 13:57:10 GMT" time="1.278" errors="0">
  <testcase name="testApplicationDeletion" time="1.278" classname="org.wso2.carbon.appmanager.integration.ui.TestCases.AppDeleteTestCase"/>
</testsuite> <!-- org.wso2.carbon.appmanager.integration.ui.TestCases.AppDeleteTestCase -->
